This file contains any messages produced by compilers while
running configure, to aid debugging if configure makes a mistake.

It was created by pam-phidgetrfid configure 1.0.3, which was
generated by GNU Autoconf 2.65.  Invocation command line was

  $ ./configure --build=x86_64-linux-gnu --prefix=/usr --includedir=${prefix}/include --mandir=${prefix}/share/man --infodir=${prefix}/share/info --sysconfdir=/etc --localstatedir=/var --libexecdir=${prefix}/lib/libpam-phidgetrfid --disable-maintainer-mode --disable-dependency-tracking

## --------- ##
## Platform. ##
## --------- ##

hostname = storm
uname -m = x86_64
uname -r = 2.6.32-22-generic
uname -s = Linux
uname -v = #36-Ubuntu SMP Thu Jun 3 19:31:57 UTC 2010

/usr/bin/uname -p = unknown
/bin/uname -X     = unknown

/bin/arch              = unknown
/usr/bin/arch -k       = unknown
/usr/convex/getsysinfo = unknown
/usr/bin/hostinfo      = unknown
/bin/machine           = unknown
/usr/bin/oslevel       = unknown
/bin/universe          = unknown

PATH: /usr/sbin
PATH: /usr/bin
PATH: /sbin
PATH: /bin
PATH: /usr/bin/X11


## ----------- ##
## Core tests. ##
## ----------- ##

configure:2342: checking for a BSD-compatible install
configure:2410: result: /usr/bin/install -c
configure:2421: checking whether build environment is sane
configure:2471: result: yes
configure:2612: checking for a thread-safe mkdir -p
configure:2651: result: /bin/mkdir -p
configure:2664: checking for gawk
configure:2680: found /usr/bin/gawk
configure:2691: result: gawk
configure:2702: checking whether make sets $(MAKE)
configure:2724: result: yes
configure:2856: checking for gcc
configure:2872: found /usr/bin/gcc
configure:2883: result: gcc
configure:3112: checking for C compiler version
configure:3121: gcc --version >&5
gcc (Ubuntu 4.4.3-4ubuntu5) 4.4.3
Copyright (C) 2009 Free Software Foundation, Inc.
This is free software; see the source for copying conditions.  There is NO
warranty; not even for MERCHANTABILITY or FITNESS FOR A PARTICULAR PURPOSE.

configure:3132: $? = 0
configure:3121: gcc -v >&5
Using built-in specs.
Target: x86_64-linux-gnu
Configured with: ../src/configure -v --with-pkgversion='Ubuntu 4.4.3-4ubuntu5' --with-bugurl=file:///usr/share/doc/gcc-4.4/README.Bugs --enable-languages=c,c++,fortran,objc,obj-c++ --prefix=/usr --enable-shared --enable-multiarch --enable-linker-build-id --with-system-zlib --libexecdir=/usr/lib --without-included-gettext --enable-threads=posix --with-gxx-include-dir=/usr/include/c++/4.4 --program-suffix=-4.4 --enable-nls --enable-clocale=gnu --enable-libstdcxx-debug --enable-plugin --enable-objc-gc --disable-werror --with-arch-32=i486 --with-tune=generic --enable-checking=release --build=x86_64-linux-gnu --host=x86_64-linux-gnu --target=x86_64-linux-gnu
Thread model: posix
gcc version 4.4.3 (Ubuntu 4.4.3-4ubuntu5) 
configure:3132: $? = 0
configure:3121: gcc -V >&5
gcc: '-V' option must have argument
configure:3132: $? = 1
configure:3121: gcc -qversion >&5
gcc: unrecognized option '-qversion'
gcc: no input files
configure:3132: $? = 1
configure:3152: checking whether the C compiler works
configure:3174: gcc -g -O2  -Wl,-Bsymbolic-functions conftest.c  >&5
configure:3178: $? = 0
configure:3227: result: yes
configure:3230: checking for C compiler default output file name
configure:3232: result: a.out
configure:3238: checking for suffix of executables
configure:3245: gcc -o conftest -g -O2  -Wl,-Bsymbolic-functions conftest.c  >&5
configure:3249: $? = 0
configure:3271: result: 
configure:3293: checking whether we are cross compiling
configure:3301: gcc -o conftest -g -O2  -Wl,-Bsymbolic-functions conftest.c  >&5
configure:3305: $? = 0
configure:3312: ./conftest
configure:3316: $? = 0
configure:3331: result: no
configure:3336: checking for suffix of object files
configure:3358: gcc -c -g -O2  conftest.c >&5
configure:3362: $? = 0
configure:3383: result: o
configure:3387: checking whether we are using the GNU C compiler
configure:3406: gcc -c -g -O2  conftest.c >&5
configure:3406: $? = 0
configure:3415: result: yes
configure:3424: checking whether gcc accepts -g
configure:3444: gcc -c -g  conftest.c >&5
configure:3444: $? = 0
configure:3485: result: yes
configure:3502: checking for gcc option to accept ISO C89
configure:3566: gcc  -c -g -O2  conftest.c >&5
configure:3566: $? = 0
configure:3579: result: none needed
configure:3610: checking for style of include used by make
configure:3638: result: GNU
configure:3663: checking dependency style of gcc
configure:3773: result: none
configure:3817: checking build system type
configure:3831: result: x86_64-pc-linux-gnu
configure:3851: checking host system type
configure:3864: result: x86_64-pc-linux-gnu
configure:3884: checking for a sed that does not truncate output
configure:3948: result: /bin/sed
configure:3966: checking for grep that handles long lines and -e
configure:4024: result: /bin/grep
configure:4029: checking for egrep
configure:4091: result: /bin/grep -E
configure:4096: checking for fgrep
configure:4158: result: /bin/grep -F
configure:4193: checking for ld used by gcc
configure:4260: result: /usr/bin/ld
configure:4267: checking if the linker (/usr/bin/ld) is GNU ld
configure:4282: result: yes
configure:4294: checking for BSD- or MS-compatible name lister (nm)
configure:4343: result: /usr/bin/nm -B
configure:4461: checking the name lister (/usr/bin/nm -B) interface
configure:4468: gcc -c -g -O2  conftest.c >&5
configure:4471: /usr/bin/nm -B "conftest.o"
configure:4474: output
0000000000000000 B some_variable
configure:4481: result: BSD nm
configure:4484: checking whether ln -s works
configure:4488: result: yes
configure:4496: checking the maximum length of command line arguments
configure:4616: result: 3458764513820540925
configure:4633: checking whether the shell understands some XSI constructs
configure:4643: result: yes
configure:4647: checking whether the shell understands "+="
configure:4653: result: yes
configure:4688: checking for /usr/bin/ld option to reload object files
configure:4695: result: -r
configure:4764: checking for objdump
configure:4780: found /usr/bin/objdump
configure:4791: result: objdump
configure:4823: checking how to recognize dependent libraries
configure:5019: result: pass_all
configure:5079: checking for ar
configure:5095: found /usr/bin/ar
configure:5106: result: ar
configure:5184: checking for strip
configure:5200: found /usr/bin/strip
configure:5211: result: strip
configure:5283: checking for ranlib
configure:5299: found /usr/bin/ranlib
configure:5310: result: ranlib
configure:5400: checking command to parse /usr/bin/nm -B output from gcc object
configure:5518: gcc -c -g -O2  conftest.c >&5
configure:5521: $? = 0
configure:5525: /usr/bin/nm -B conftest.o \| sed -n -e 's/^.*[	 ]\([ABCDGIRSTW][ABCDGIRSTW]*\)[	 ][	 ]*\([_A-Za-z][_A-Za-z0-9]*\)$/\1 \2 \2/p' \> conftest.nm
configure:5528: $? = 0
configure:5582: gcc -o conftest -g -O2  -Wl,-Bsymbolic-functions conftest.c conftstm.o >&5
configure:5585: $? = 0
configure:5623: result: ok
configure:5719: gcc -c -g -O2  conftest.c >&5
configure:5722: $? = 0
configure:6432: checking how to run the C preprocessor
configure:6463: gcc -E  conftest.c
configure:6463: $? = 0
configure:6477: gcc -E  conftest.c
conftest.c:11:28: error: ac_nonexistent.h: No such file or directory
configure:6477: $? = 1
configure: failed program was:
| /* confdefs.h */
| #define PACKAGE_NAME "pam-phidgetrfid"
| #define PACKAGE_TARNAME "pam-phidgetrfid"
| #define PACKAGE_VERSION "1.0.3"
| #define PACKAGE_STRING "pam-phidgetrfid 1.0.3"
| #define PACKAGE_BUGREPORT "enlightened.despot@gmail.com"
| #define PACKAGE_URL ""
| #define PACKAGE "pam-phidgetrfid"
| #define VERSION "1.0.3"
| /* end confdefs.h.  */
| #include <ac_nonexistent.h>
configure:6502: result: gcc -E
configure:6522: gcc -E  conftest.c
configure:6522: $? = 0
configure:6536: gcc -E  conftest.c
conftest.c:11:28: error: ac_nonexistent.h: No such file or directory
configure:6536: $? = 1
configure: failed program was:
| /* confdefs.h */
| #define PACKAGE_NAME "pam-phidgetrfid"
| #define PACKAGE_TARNAME "pam-phidgetrfid"
| #define PACKAGE_VERSION "1.0.3"
| #define PACKAGE_STRING "pam-phidgetrfid 1.0.3"
| #define PACKAGE_BUGREPORT "enlightened.despot@gmail.com"
| #define PACKAGE_URL ""
| #define PACKAGE "pam-phidgetrfid"
| #define VERSION "1.0.3"
| /* end confdefs.h.  */
| #include <ac_nonexistent.h>
configure:6565: checking for ANSI C header files
configure:6585: gcc -c -g -O2  conftest.c >&5
configure:6585: $? = 0
configure:6658: gcc -o conftest -g -O2  -Wl,-Bsymbolic-functions conftest.c  >&5
configure:6658: $? = 0
configure:6658: ./conftest
configure:6658: $? = 0
configure:6669: result: yes
configure:6682: checking for sys/types.h
configure:6682: gcc -c -g -O2  conftest.c >&5
configure:6682: $? = 0
configure:6682: result: yes
configure:6682: checking for sys/stat.h
configure:6682: gcc -c -g -O2  conftest.c >&5
configure:6682: $? = 0
configure:6682: result: yes
configure:6682: checking for stdlib.h
configure:6682: gcc -c -g -O2  conftest.c >&5
configure:6682: $? = 0
configure:6682: result: yes
configure:6682: checking for string.h
configure:6682: gcc -c -g -O2  conftest.c >&5
configure:6682: $? = 0
configure:6682: result: yes
configure:6682: checking for memory.h
configure:6682: gcc -c -g -O2  conftest.c >&5
configure:6682: $? = 0
configure:6682: result: yes
configure:6682: checking for strings.h
configure:6682: gcc -c -g -O2  conftest.c >&5
configure:6682: $? = 0
configure:6682: result: yes
configure:6682: checking for inttypes.h
configure:6682: gcc -c -g -O2  conftest.c >&5
configure:6682: $? = 0
configure:6682: result: yes
configure:6682: checking for stdint.h
configure:6682: gcc -c -g -O2  conftest.c >&5
configure:6682: $? = 0
configure:6682: result: yes
configure:6682: checking for unistd.h
configure:6682: gcc -c -g -O2  conftest.c >&5
configure:6682: $? = 0
configure:6682: result: yes
configure:6697: checking for dlfcn.h
configure:6697: gcc -c -g -O2  conftest.c >&5
configure:6697: $? = 0
configure:6697: result: yes
configure:6881: checking for objdir
configure:6896: result: .libs
configure:7192: checking if gcc supports -fno-rtti -fno-exceptions
configure:7210: gcc -c -g -O2  -fno-rtti -fno-exceptions conftest.c >&5
cc1: warning: command line option "-fno-rtti" is valid for C++/ObjC++ but not for C
configure:7214: $? = 0
configure:7227: result: no
configure:7247: checking for gcc option to produce PIC
configure:7519: result: -fPIC -DPIC
configure:7531: checking if gcc PIC flag -fPIC -DPIC works
configure:7549: gcc -c -g -O2  -fPIC -DPIC -DPIC conftest.c >&5
configure:7553: $? = 0
configure:7566: result: yes
configure:7590: checking if gcc static flag -static works
configure:7618: result: yes
configure:7633: checking if gcc supports -c -o file.o
configure:7654: gcc -c -g -O2  -o out/conftest2.o conftest.c >&5
configure:7658: $? = 0
configure:7680: result: yes
configure:7688: checking if gcc supports -c -o file.o
configure:7735: result: yes
configure:7768: checking whether the gcc linker (/usr/bin/ld -m elf_x86_64) supports shared libraries
configure:8759: result: yes
configure:8796: checking whether -lc should be explicitly linked in
configure:8801: gcc -c -g -O2  conftest.c >&5
configure:8804: $? = 0
configure:8819: gcc -shared conftest.o  -v -Wl,-soname -Wl,conftest -o conftest 2\>\&1 \| /bin/grep  -lc  \>/dev/null 2\>\&1
configure:8822: $? = 0
configure:8834: result: no
configure:8998: checking dynamic linker characteristics
configure:9431: gcc -o conftest -g -O2  -Wl,-Bsymbolic-functions -Wl,-rpath -Wl,/foo conftest.c  >&5
configure:9431: $? = 0
configure:9661: result: GNU/Linux ld.so
configure:9763: checking how to hardcode library paths into programs
configure:9788: result: immediate
configure:10308: checking whether stripping libraries is possible
configure:10313: result: yes
configure:10348: checking if libtool supports shared libraries
configure:10350: result: yes
configure:10353: checking whether to build shared libraries
configure:10374: result: yes
configure:10377: checking whether to build static libraries
configure:10381: result: yes
configure:10418: checking whether gcc and cc understand -c and -o together
configure:10449: gcc -c conftest.c -o conftest2.o >&5
configure:10453: $? = 0
configure:10459: gcc -c conftest.c -o conftest2.o >&5
configure:10463: $? = 0
configure:10474: cc -c conftest.c >&5
configure:10478: $? = 0
configure:10486: cc -c conftest.c -o conftest2.o >&5
configure:10490: $? = 0
configure:10496: cc -c conftest.c -o conftest2.o >&5
configure:10500: $? = 0
configure:10518: result: yes
configure:10545: checking for library containing pam_set_data
configure:10576: gcc -o conftest -g -O2  -Wl,-Bsymbolic-functions conftest.c  >&5
/tmp/ccHSCxd8.o: In function `main':
/home/caleb/Shared/Projects/packaging/pam-phidgetrfid/libpam-phidgetrfid-1.0.3/conftest.c:34: undefined reference to `pam_set_data'
collect2: ld returned 1 exit status
configure:10576: $? = 1
configure: failed program was:
| /* confdefs.h */
| #define PACKAGE_NAME "pam-phidgetrfid"
| #define PACKAGE_TARNAME "pam-phidgetrfid"
| #define PACKAGE_VERSION "1.0.3"
| #define PACKAGE_STRING "pam-phidgetrfid 1.0.3"
| #define PACKAGE_BUGREPORT "enlightened.despot@gmail.com"
| #define PACKAGE_URL ""
| #define PACKAGE "pam-phidgetrfid"
| #define VERSION "1.0.3"
| #define STDC_HEADERS 1
| #define HAVE_SYS_TYPES_H 1
| #define HAVE_SYS_STAT_H 1
| #define HAVE_STDLIB_H 1
| #define HAVE_STRING_H 1
| #define HAVE_MEMORY_H 1
| #define HAVE_STRINGS_H 1
| #define HAVE_INTTYPES_H 1
| #define HAVE_STDINT_H 1
| #define HAVE_UNISTD_H 1
| #define HAVE_DLFCN_H 1
| #define LT_OBJDIR ".libs/"
| /* end confdefs.h.  */
| 
| /* Override any GCC internal prototype to avoid an error.
|    Use char because int might match the return type of a GCC
|    builtin and then its argument prototype would still apply.  */
| #ifdef __cplusplus
| extern "C"
| #endif
| char pam_set_data ();
| int
| main ()
| {
| return pam_set_data ();
|   ;
|   return 0;
| }
configure:10576: gcc -o conftest -g -O2  -Wl,-Bsymbolic-functions conftest.c -lpam   >&5
configure:10576: $? = 0
configure:10593: result: -lpam
configure:10603: checking security/pam_modules.h usability
configure:10603: gcc -c -g -O2  conftest.c >&5
configure:10603: $? = 0
configure:10603: result: yes
configure:10603: checking security/pam_modules.h presence
configure:10603: gcc -E  conftest.c
configure:10603: $? = 0
configure:10603: result: yes
configure:10603: checking for security/pam_modules.h
configure:10603: result: yes
configure:10630: checking security/pam_ext.h usability
configure:10630: gcc -c -g -O2  conftest.c >&5
configure:10630: $? = 0
configure:10630: result: yes
configure:10630: checking security/pam_ext.h presence
configure:10630: gcc -E  conftest.c
configure:10630: $? = 0
configure:10630: result: yes
configure:10630: checking for security/pam_ext.h
configure:10630: result: yes
configure:10655: checking security/_pam_macros.h usability
configure:10655: gcc -c -g -O2  conftest.c >&5
configure:10655: $? = 0
configure:10655: result: yes
configure:10655: checking security/_pam_macros.h presence
configure:10655: gcc -E  conftest.c
configure:10655: $? = 0
configure:10655: result: yes
configure:10655: checking for security/_pam_macros.h
configure:10655: result: yes
configure:10680: checking security/pam_misc.h usability
configure:10680: gcc -c -g -O2  conftest.c >&5
configure:10680: $? = 0
configure:10680: result: yes
configure:10680: checking security/pam_misc.h presence
configure:10680: gcc -E  conftest.c
configure:10680: $? = 0
configure:10680: result: yes
configure:10680: checking for security/pam_misc.h
configure:10680: result: yes
configure:10707: checking phidget21.h usability
configure:10707: gcc -c -g -O2  conftest.c >&5
configure:10707: $? = 0
configure:10707: result: yes
configure:10707: checking phidget21.h presence
configure:10707: gcc -E  conftest.c
configure:10707: $? = 0
configure:10707: result: yes
configure:10707: checking for phidget21.h
configure:10707: result: yes
configure:10719: checking for library containing CPhidget_open
configure:10750: gcc -o conftest -g -O2  -Wl,-Bsymbolic-functions conftest.c -lpam  >&5
/tmp/ccCsTzg1.o: In function `main':
/home/caleb/Shared/Projects/packaging/pam-phidgetrfid/libpam-phidgetrfid-1.0.3/conftest.c:39: undefined reference to `CPhidget_open'
collect2: ld returned 1 exit status
configure:10750: $? = 1
configure: failed program was:
| /* confdefs.h */
| #define PACKAGE_NAME "pam-phidgetrfid"
| #define PACKAGE_TARNAME "pam-phidgetrfid"
| #define PACKAGE_VERSION "1.0.3"
| #define PACKAGE_STRING "pam-phidgetrfid 1.0.3"
| #define PACKAGE_BUGREPORT "enlightened.despot@gmail.com"
| #define PACKAGE_URL ""
| #define PACKAGE "pam-phidgetrfid"
| #define VERSION "1.0.3"
| #define STDC_HEADERS 1
| #define HAVE_SYS_TYPES_H 1
| #define HAVE_SYS_STAT_H 1
| #define HAVE_STDLIB_H 1
| #define HAVE_STRING_H 1
| #define HAVE_MEMORY_H 1
| #define HAVE_STRINGS_H 1
| #define HAVE_INTTYPES_H 1
| #define HAVE_STDINT_H 1
| #define HAVE_UNISTD_H 1
| #define HAVE_DLFCN_H 1
| #define LT_OBJDIR ".libs/"
| #define HAVE_SECURITY_PAM_MODULES_H 1
| #define HAVE_SECURITY_PAM_EXT_H 1
| #define HAVE_SECURITY__PAM_MACROS_H 1
| #define HAVE_SECURITY_PAM_MISC_H 1
| #define HAVE_PHIDGET21_H 1
| /* end confdefs.h.  */
| 
| /* Override any GCC internal prototype to avoid an error.
|    Use char because int might match the return type of a GCC
|    builtin and then its argument prototype would still apply.  */
| #ifdef __cplusplus
| extern "C"
| #endif
| char CPhidget_open ();
| int
| main ()
| {
| return CPhidget_open ();
|   ;
|   return 0;
| }
configure:10750: gcc -o conftest -g -O2  -Wl,-Bsymbolic-functions conftest.c -lphidget21  -lpam  >&5
configure:10750: $? = 0
configure:10767: result: -lphidget21
configure:10782: checking for stdlib.h
configure:10782: result: yes
configure:10782: checking for string.h
configure:10782: result: yes
configure:10782: checking syslog.h usability
configure:10782: gcc -c -g -O2  conftest.c >&5
configure:10782: $? = 0
configure:10782: result: yes
configure:10782: checking syslog.h presence
configure:10782: gcc -E  conftest.c
configure:10782: $? = 0
configure:10782: result: yes
configure:10782: checking for syslog.h
configure:10782: result: yes
configure:10793: checking pthread.h usability
configure:10793: gcc -c -g -O2  conftest.c >&5
configure:10793: $? = 0
configure:10793: result: yes
configure:10793: checking pthread.h presence
configure:10793: gcc -E  conftest.c
configure:10793: $? = 0
configure:10793: result: yes
configure:10793: checking for pthread.h
configure:10793: result: yes
configure:10958: creating ./config.status

## ---------------------- ##
## Running config.status. ##
## ---------------------- ##

This file was extended by pam-phidgetrfid config.status 1.0.3, which was
generated by GNU Autoconf 2.65.  Invocation command line was

  CONFIG_FILES    = 
  CONFIG_HEADERS  = 
  CONFIG_LINKS    = 
  CONFIG_COMMANDS = 
  $ ./config.status 

on storm

config.status:989: creating Makefile
config.status:989: creating common/Makefile
config.status:989: creating pam-module/Makefile
config.status:989: creating scan-tag/Makefile
config.status:1152: executing depfiles commands
config.status:1152: executing libtool commands
configure:12973: WARNING: unrecognized options: --disable-maintainer-mode

## ---------------- ##
## Cache variables. ##
## ---------------- ##

ac_cv_build=x86_64-pc-linux-gnu
ac_cv_c_compiler_gnu=yes
ac_cv_env_CC_set=
ac_cv_env_CC_value=
ac_cv_env_CFLAGS_set=set
ac_cv_env_CFLAGS_value='-g -O2'
ac_cv_env_CPPFLAGS_set=set
ac_cv_env_CPPFLAGS_value=
ac_cv_env_CPP_set=
ac_cv_env_CPP_value=
ac_cv_env_LDFLAGS_set=set
ac_cv_env_LDFLAGS_value=-Wl,-Bsymbolic-functions
ac_cv_env_LIBS_set=
ac_cv_env_LIBS_value=
ac_cv_env_build_alias_set=set
ac_cv_env_build_alias_value=x86_64-linux-gnu
ac_cv_env_host_alias_set=
ac_cv_env_host_alias_value=
ac_cv_env_target_alias_set=
ac_cv_env_target_alias_value=
ac_cv_header_dlfcn_h=yes
ac_cv_header_inttypes_h=yes
ac_cv_header_memory_h=yes
ac_cv_header_phidget21_h=yes
ac_cv_header_pthread_h=yes
ac_cv_header_security__pam_macros_h=yes
ac_cv_header_security_pam_ext_h=yes
ac_cv_header_security_pam_misc_h=yes
ac_cv_header_security_pam_modules_h=yes
ac_cv_header_stdc=yes
ac_cv_header_stdint_h=yes
ac_cv_header_stdlib_h=yes
ac_cv_header_string_h=yes
ac_cv_header_strings_h=yes
ac_cv_header_sys_stat_h=yes
ac_cv_header_sys_types_h=yes
ac_cv_header_syslog_h=yes
ac_cv_header_unistd_h=yes
ac_cv_host=x86_64-pc-linux-gnu
ac_cv_objext=o
ac_cv_path_EGREP='/bin/grep -E'
ac_cv_path_FGREP='/bin/grep -F'
ac_cv_path_GREP=/bin/grep
ac_cv_path_SED=/bin/sed
ac_cv_path_install='/usr/bin/install -c'
ac_cv_path_mkdir=/bin/mkdir
ac_cv_prog_AWK=gawk
ac_cv_prog_CPP='gcc -E'
ac_cv_prog_ac_ct_AR=ar
ac_cv_prog_ac_ct_CC=gcc
ac_cv_prog_ac_ct_OBJDUMP=objdump
ac_cv_prog_ac_ct_RANLIB=ranlib
ac_cv_prog_ac_ct_STRIP=strip
ac_cv_prog_cc_c89=
ac_cv_prog_cc_g=yes
ac_cv_prog_cc_gcc_c_o=yes
ac_cv_prog_make_make_set=yes
ac_cv_search_CPhidget_open=-lphidget21
ac_cv_search_pam_set_data=-lpam
am_cv_CC_dependencies_compiler_type=none
lt_cv_deplibs_check_method=pass_all
lt_cv_file_magic_cmd='$MAGIC_CMD'
lt_cv_file_magic_test_file=
lt_cv_ld_reload_flag=-r
lt_cv_nm_interface='BSD nm'
lt_cv_objdir=.libs
lt_cv_path_LD=/usr/bin/ld
lt_cv_path_NM='/usr/bin/nm -B'
lt_cv_prog_compiler_c_o=yes
lt_cv_prog_compiler_pic_works=yes
lt_cv_prog_compiler_rtti_exceptions=no
lt_cv_prog_compiler_static_works=yes
lt_cv_prog_gnu_ld=yes
lt_cv_sys_global_symbol_pipe='sed -n -e '\''s/^.*[	 ]\([ABCDGIRSTW][ABCDGIRSTW]*\)[	 ][	 ]*\([_A-Za-z][_A-Za-z0-9]*\)$/\1 \2 \2/p'\'''
lt_cv_sys_global_symbol_to_c_name_address='sed -n -e '\''s/^: \([^ ]*\) $/  {\"\1\", (void *) 0},/p'\'' -e '\''s/^[ABCDGIRSTW]* \([^ ]*\) \([^ ]*\)$/  {"\2", (void *) \&\2},/p'\'''
lt_cv_sys_global_symbol_to_c_name_address_lib_prefix='sed -n -e '\''s/^: \([^ ]*\) $/  {\"\1\", (void *) 0},/p'\'' -e '\''s/^[ABCDGIRSTW]* \([^ ]*\) \(lib[^ ]*\)$/  {"\2", (void *) \&\2},/p'\'' -e '\''s/^[ABCDGIRSTW]* \([^ ]*\) \([^ ]*\)$/  {"lib\2", (void *) \&\2},/p'\'''
lt_cv_sys_global_symbol_to_cdecl='sed -n -e '\''s/^T .* \(.*\)$/extern int \1();/p'\'' -e '\''s/^[ABCDGIRSTW]* .* \(.*\)$/extern char \1;/p'\'''
lt_cv_sys_max_cmd_len=3458764513820540925

## ----------------- ##
## Output variables. ##
## ----------------- ##

ACLOCAL='${SHELL} /home/caleb/Shared/Projects/packaging/pam-phidgetrfid/libpam-phidgetrfid-1.0.3/missing --run aclocal-1.11'
AMDEPBACKSLASH=''
AMDEP_FALSE=''
AMDEP_TRUE='#'
AMTAR='${SHELL} /home/caleb/Shared/Projects/packaging/pam-phidgetrfid/libpam-phidgetrfid-1.0.3/missing --run tar'
AR='ar'
AUTOCONF='${SHELL} /home/caleb/Shared/Projects/packaging/pam-phidgetrfid/libpam-phidgetrfid-1.0.3/missing --run autoconf'
AUTOHEADER='${SHELL} /home/caleb/Shared/Projects/packaging/pam-phidgetrfid/libpam-phidgetrfid-1.0.3/missing --run autoheader'
AUTOMAKE='${SHELL} /home/caleb/Shared/Projects/packaging/pam-phidgetrfid/libpam-phidgetrfid-1.0.3/missing --run automake-1.11'
AWK='gawk'
CC='gcc'
CCDEPMODE='depmode=none'
CFLAGS='-g -O2'
CPP='gcc -E'
CPPFLAGS=''
CYGPATH_W='echo'
DEFS='-DPACKAGE_NAME=\"pam-phidgetrfid\" -DPACKAGE_TARNAME=\"pam-phidgetrfid\" -DPACKAGE_VERSION=\"1.0.3\" -DPACKAGE_STRING=\"pam-phidgetrfid\ 1.0.3\" -DPACKAGE_BUGREPORT=\"enlightened.despot@gmail.com\" -DPACKAGE_URL=\"\" -DPACKAGE=\"pam-phidgetrfid\" -DVERSION=\"1.0.3\" -DSTDC_HEADERS=1 -DHAVE_SYS_TYPES_H=1 -DHAVE_SYS_STAT_H=1 -DHAVE_STDLIB_H=1 -DHAVE_STRING_H=1 -DHAVE_MEMORY_H=1 -DHAVE_STRINGS_H=1 -DHAVE_INTTYPES_H=1 -DHAVE_STDINT_H=1 -DHAVE_UNISTD_H=1 -DHAVE_DLFCN_H=1 -DLT_OBJDIR=\".libs/\" -DHAVE_SECURITY_PAM_MODULES_H=1 -DHAVE_SECURITY_PAM_EXT_H=1 -DHAVE_SECURITY__PAM_MACROS_H=1 -DHAVE_SECURITY_PAM_MISC_H=1 -DHAVE_PHIDGET21_H=1 -DHAVE_STDLIB_H=1 -DHAVE_STRING_H=1 -DHAVE_SYSLOG_H=1'
DEPDIR='.deps'
DSYMUTIL=''
DUMPBIN=''
ECHO_C=''
ECHO_N='-n'
ECHO_T=''
EGREP='/bin/grep -E'
EXEEXT=''
FGREP='/bin/grep -F'
GREP='/bin/grep'
INSTALL_DATA='${INSTALL} -m 644'
INSTALL_PROGRAM='${INSTALL}'
INSTALL_SCRIPT='${INSTALL}'
INSTALL_STRIP_PROGRAM='$(install_sh) -c -s'
LD='/usr/bin/ld -m elf_x86_64'
LDFLAGS='-Wl,-Bsymbolic-functions'
LIBOBJS=''
LIBS='-lphidget21 -lpam '
LIBTOOL='$(SHELL) $(top_builddir)/libtool'
LIPO=''
LN_S='ln -s'
LTLIBOBJS=''
MAKEINFO='${SHELL} /home/caleb/Shared/Projects/packaging/pam-phidgetrfid/libpam-phidgetrfid-1.0.3/missing --run makeinfo'
MKDIR_P='/bin/mkdir -p'
NM='/usr/bin/nm -B'
NMEDIT=''
OBJDUMP='objdump'
OBJEXT='o'
OTOOL64=''
OTOOL=''
PACKAGE='pam-phidgetrfid'
PACKAGE_BUGREPORT='enlightened.despot@gmail.com'
PACKAGE_NAME='pam-phidgetrfid'
PACKAGE_STRING='pam-phidgetrfid 1.0.3'
PACKAGE_TARNAME='pam-phidgetrfid'
PACKAGE_URL=''
PACKAGE_VERSION='1.0.3'
PATH_SEPARATOR=':'
RANLIB='ranlib'
SED='/bin/sed'
SET_MAKE=''
SHELL='/bin/bash'
STRIP='strip'
VERSION='1.0.3'
ac_ct_CC='gcc'
ac_ct_DUMPBIN=''
am__EXEEXT_FALSE=''
am__EXEEXT_TRUE='#'
am__fastdepCC_FALSE=''
am__fastdepCC_TRUE='#'
am__include='include'
am__isrc=''
am__leading_dot='.'
am__quote=''
am__tar='${AMTAR} chof - "$$tardir"'
am__untar='${AMTAR} xf -'
bindir='${exec_prefix}/bin'
build='x86_64-pc-linux-gnu'
build_alias='x86_64-linux-gnu'
build_cpu='x86_64'
build_os='linux-gnu'
build_vendor='pc'
datadir='${datarootdir}'
datarootdir='${prefix}/share'
docdir='${datarootdir}/doc/${PACKAGE_TARNAME}'
dvidir='${docdir}'
exec_prefix='${prefix}'
host='x86_64-pc-linux-gnu'
host_alias=''
host_cpu='x86_64'
host_os='linux-gnu'
host_vendor='pc'
htmldir='${docdir}'
includedir='${prefix}/include'
infodir='${prefix}/share/info'
install_sh='${SHELL} /home/caleb/Shared/Projects/packaging/pam-phidgetrfid/libpam-phidgetrfid-1.0.3/install-sh'
libdir='${exec_prefix}/lib'
libexecdir='${prefix}/lib/libpam-phidgetrfid'
localedir='${datarootdir}/locale'
localstatedir='/var'
lt_ECHO='echo'
mandir='${prefix}/share/man'
mkdir_p='/bin/mkdir -p'
oldincludedir='/usr/include'
pdfdir='${docdir}'
prefix='/usr'
program_transform_name='s,x,x,'
psdir='${docdir}'
sbindir='${exec_prefix}/sbin'
sharedstatedir='${prefix}/com'
sysconfdir='/etc'
target_alias=''

## ----------- ##
## confdefs.h. ##
## ----------- ##

/* confdefs.h */
#define PACKAGE_NAME "pam-phidgetrfid"
#define PACKAGE_TARNAME "pam-phidgetrfid"
#define PACKAGE_VERSION "1.0.3"
#define PACKAGE_STRING "pam-phidgetrfid 1.0.3"
#define PACKAGE_BUGREPORT "enlightened.despot@gmail.com"
#define PACKAGE_URL ""
#define PACKAGE "pam-phidgetrfid"
#define VERSION "1.0.3"
#define STDC_HEADERS 1
#define HAVE_SYS_TYPES_H 1
#define HAVE_SYS_STAT_H 1
#define HAVE_STDLIB_H 1
#define HAVE_STRING_H 1
#define HAVE_MEMORY_H 1
#define HAVE_STRINGS_H 1
#define HAVE_INTTYPES_H 1
#define HAVE_STDINT_H 1
#define HAVE_UNISTD_H 1
#define HAVE_DLFCN_H 1
#define LT_OBJDIR ".libs/"
#define HAVE_SECURITY_PAM_MODULES_H 1
#define HAVE_SECURITY_PAM_EXT_H 1
#define HAVE_SECURITY__PAM_MACROS_H 1
#define HAVE_SECURITY_PAM_MISC_H 1
#define HAVE_PHIDGET21_H 1
#define HAVE_STDLIB_H 1
#define HAVE_STRING_H 1
#define HAVE_SYSLOG_H 1

configure: exit 0
